<?xml version="1.0" encoding="UTF-8"?>
<!-- Generated by org.testng.reporters.JUnitReportReporter -->
<testsuite skipped="0" hostname="DESKTOP-7155NU9" name="com.AI.tests.NopCommerceTest" tests="1" failures="0" timestamp="2023-01-17T17:36:13 IST" time="12.107" errors="0">
  <testcase name="ncloginTest" time="12.107" classname="com.AI.tests.NopCommerceTest"/>
  <system-out/>
</testsuite> <!-- com.AI.tests.NopCommerceTest -->
