<?xml version="1.0" encoding="UTF-8"?>
<!-- Generated by org.testng.reporters.JUnitReportReporter -->
<testsuite hostname="HBL-KRANTHI" failures="0" tests="1" name="com.AI.tests.HomepageTest" time="6.623" errors="0" timestamp="2024-09-28T22:21:44 IST" skipped="0">
  <testcase classname="com.AI.tests.HomepageTest" name="test3" time="6.623"/>
</testsuite> <!-- com.AI.tests.HomepageTest -->
