<?xml version="1.0" encoding="UTF-8"?>
<!-- Generated by org.testng.reporters.JUnitReportReporter -->
<testsuite hostname="DESKTOP-7155NU9" failures="0" tests="2" name="com.AI.tests.LoginpageTests" time="32.539" errors="0" timestamp="2023-01-13T23:09:32 IST" skipped="0">
  <testcase classname="com.AI.tests.LoginpageTests" name="test2" time="16.718"/>
  <system-out/>
  <testcase classname="com.AI.tests.LoginpageTests" name="test1" time="15.821"/>
  <system-out/>
</testsuite> <!-- com.AI.tests.LoginpageTests -->
